[debug] ----------------------------------------------------------------------
[debug] Command:      C:\Program Files\nodejs\node.exe C:\Users\Emi\AppData\Roaming\npm\node_modules\firebase-tools\bin\firebase serve
[debug] CLI Version:  3.0.7
[debug] Platform:     win32
[debug] Node Version: v4.5.0
[debug] Time:         Wed Sep 14 2016 19:48:59 GMT-0300 (Hora estándar de Argentina)
[debug] ----------------------------------------------------------------------
[debug] 
[info] Starting Firebase development server...
[info] 
[info] Project Directory: E:\Proyectos\SocialFocus\Backend\Firebase\friendlychat\web-start
[info] Public Directory: ./
[info] 
[info] Server listening at: http://localhost:5000
[debug] ----------------------------------------------------------------------
[debug] Command:      C:\Program Files\nodejs\node.exe C:\Users\Emi\AppData\Roaming\npm\node_modules\firebase-tools\bin\firebase serve
[debug] CLI Version:  3.0.7
[debug] Platform:     win32
[debug] Node Version: v4.5.0
[debug] Time:         Wed Sep 14 2016 20:00:07 GMT-0300 (Hora estándar de Argentina)
[debug] ----------------------------------------------------------------------
[debug] 
[info] Starting Firebase development server...
[info] 
[info] Project Directory: E:\Proyectos\SocialFocus\Backend\Firebase\friendlychat\web-start
[info] Public Directory: ./
[info] 
[info] Server listening at: http://localhost:5000
[debug] ----------------------------------------------------------------------
[debug] Command:      C:\Program Files\nodejs\node.exe C:\Users\Emi\AppData\Roaming\npm\node_modules\firebase-tools\bin\firebase serve
[debug] CLI Version:  3.0.7
[debug] Platform:     win32
[debug] Node Version: v4.5.0
[debug] Time:         Sat Sep 17 2016 10:45:35 GMT-0300 (Hora estándar de Argentina)
[debug] ----------------------------------------------------------------------
[debug] 
[info] Starting Firebase development server...
[info] 
[info] Project Directory: E:\Proyectos\SocialFocus\Backend\Firebase\friendlychat\web-start
[info] Public Directory: ./
[info] 
[info] Server listening at: http://localhost:5000
